<?xml version="1.0" encoding="UTF-8"?>
<!-- Generated by org.testng.reporters.JUnitXMLReporter -->
<testsuite hostname="DESKTOP-R07G1LU" ignored="0" name="Default test" tests="3" failures="0" timestamp="18 Feb 2021 13:52:58 GMT" time="33.501" errors="0">
  <testcase name="loginscenario" time="0.737" classname="Test.Demoblazetest"/>
  <testcase name="AddingItemsintocart" time="19.918" classname="Test.Demoblazetest"/>
  <testcase name="Carddetails" time="0.979" classname="Test.Demoblazetest"/>
</testsuite> <!-- Default test -->
