<?xml version="1.0" encoding="UTF-8"?>
<!-- Generated by org.testng.reporters.JUnitXMLReporter -->
<testsuite hostname="DESKTOP-R07G1LU" ignored="0" name="Negativeflow" tests="2" failures="1" timestamp="19 Feb 2021 04:55:13 GMT" time="33.873" errors="0">
  <testcase name="AddingItemsintocart" time="20.031" classname="Test.Negativeflow">
    <failure type="java.lang.AssertionError" message="expected [] but found [Place order]">
      <![CDATA[java.lang.AssertionError: expected [] but found [Place order]
at Test.Negativeflow.AddingItemsintocart(Negativeflow.java:91)
... Removed 31 stack frames]]>
    </failure>
  </testcase> <!-- AddingItemsintocart -->
  <testcase name="Carddetails" time="0.002" classname="Test.Negativeflow">
    <skipped/>
  </testcase> <!-- Carddetails -->
</testsuite> <!-- Negativeflow -->
