<?xml version="1.0" encoding="UTF-8"?>
<!-- Generated by org.testng.reporters.JUnitXMLReporter -->
<testsuite hostname="DESKTOP-R07G1LU" ignored="0" name="Positive end to end flow" tests="3" failures="0" timestamp="19 Feb 2021 04:54:38 GMT" time="59.661" errors="0">
  <testcase name="loginscenario" time="2.595" classname="Test.Demoblazetest"/>
  <testcase name="AddingItemsintocart" time="33.412" classname="Test.Demoblazetest"/>
  <testcase name="Carddetails" time="9.707" classname="Test.Demoblazetest"/>
</testsuite> <!-- Positive end to end flow -->
