<?xml version="1.0" encoding="UTF-8"?>
<!-- Generated by org.testng.reporters.JUnitXMLReporter -->
<testsuite hostname="DESKTOP-R07G1LU" ignored="0" name="Test" tests="2" failures="1" timestamp="18 Feb 2021 13:09:41 GMT" time="26.43" errors="0">
  <testcase name="AddingItemsintocart" time="17.05" classname="Test.Negativeflow">
    <failure type="java.lang.AssertionError" message="expected [] but found [Place order]">
      <![CDATA[java.lang.AssertionError: expected [] but found [Place order]
at Test.Negativeflow.AddingItemsintocart(Negativeflow.java:90)
... Removed 31 stack frames]]>
    </failure>
  </testcase> <!-- AddingItemsintocart -->
  <testcase name="Carddetails" time="0.0" classname="Test.Negativeflow">
    <skipped/>
  </testcase> <!-- Carddetails -->
</testsuite> <!-- Test -->
