<?xml version="1.0" encoding="UTF-8"?>
<!-- Generated by org.testng.reporters.JUnitXMLReporter -->
<testsuite hostname="DESKTOP-R07G1LU" ignored="0" name="Test" tests="5" failures="1" timestamp="2021-02-18T19:21:13 IST" time="63.137" errors="0">
  <testcase name="loginscenario" time="1.044" classname="Test.Demoblazetest"/>
  <testcase name="AddingItemsintocart" time="17.983" classname="Test.Demoblazetest"/>
  <testcase name="Carddetails" time="1.13" classname="Test.Demoblazetest"/>
  <testcase name="AddingItemsintocart" time="19.362" classname="Test.Negativeflow">
    <failure type="java.lang.AssertionError" message="expected [] but found [Place order]">
      <![CDATA[java.lang.AssertionError: expected [] but found [Place order]
at Test.Negativeflow.AddingItemsintocart(Negativeflow.java:90)
at java.util.ArrayList.forEach(ArrayList.java:1257)
... Removed 36 stack frames]]>
    </failure>
  </testcase> <!-- AddingItemsintocart -->
  <testcase name="Carddetails" time="0.0" classname="Test.Negativeflow">
    <skipped/>
  </testcase> <!-- Carddetails -->
</testsuite> <!-- Test -->
