<?xml version="1.0" encoding="UTF-8"?>
<testsuite xmlns:xsi="http://www.w3.org/2001/XMLSchema-instance" xsi:noNamespaceSchemaLocation="https://maven.apache.org/surefire/maven-surefire-plugin/xsd/surefire-test-report-3.0.xsd" version="3.0" name="TestSuite" time="66.087" tests="5" errors="0" skipped="1" failures="1">
  <properties>
[...]
</properties>
  <testcase name="loginscenario" classname="Test.Demoblazetest" time="1.003"/>
  <testcase name="AddingItemsintocart" classname="Test.Demoblazetest" time="17.983"/>
  <testcase name="Carddetails" classname="Test.Demoblazetest" time="1.131"/>
  <testcase name="AddingItemsintocart" classname="Test.Negativeflow" time="20.559">
    <failure message="expected [] but found [Place order]" type="java.lang.AssertionError"><![CDATA[java.lang.AssertionError: expected [] but found [Place order]
	at Test.Negativeflow.AddingItemsintocart(Negativeflow.java:90)
]]></failure>
    <system-out><![CDATA[9
]]></system-out>
  </testcase>
  <testcase name="Carddetails" classname="Test.Negativeflow" time="0">
    <skipped message="Method Negativeflow.Carddetails(java.lang.String, java.lang.String, java.lang.String, java.lang.String, java.lang.String, java.lang.String)[pri:0, instance:Test.Negativeflow@67c33749] depends on not successfully finished methods"/>
  </testcase>
</testsuite>